[debug] [2019-08-21T23:05:36.059Z] ----------------------------------------------------------------------
[debug] [2019-08-21T23:05:36.067Z] Command:       C:\Program Files\nodejs\node.exe C:\Users\daniel\AppData\Roaming\npm\node_modules\firebase-tools\lib\bin\firebase.js init
[debug] [2019-08-21T23:05:36.068Z] CLI Version:   7.2.4
[debug] [2019-08-21T23:05:36.068Z] Platform:      win32
[debug] [2019-08-21T23:05:36.068Z] Node Version:  v10.15.3
[debug] [2019-08-21T23:05:36.073Z] Time:          Wed Aug 21 2019 20:05:36 GMT-0300 (GMT-03:00)
[debug] [2019-08-21T23:05:36.073Z] ----------------------------------------------------------------------
[debug] 
[debug] [2019-08-21T23:05:36.100Z] > command requires scopes: ["email","openid","https://www.googleapis.com/auth/cloudplatformprojects.readonly","https://www.googleapis.com/auth/firebase","https://www.googleapis.com/auth/cloud-platform"]
[debug] [2019-08-21T23:05:36.103Z] > authorizing via signed-in user
[info] 
     ######## #### ########  ######## ########     ###     ######  ########
     ##        ##  ##     ## ##       ##     ##  ##   ##  ##       ##
     ######    ##  ########  ######   ########  #########  ######  ######
     ##        ##  ##    ##  ##       ##     ## ##     ##       ## ##
     ##       #### ##     ## ######## ########  ##     ##  ######  ########

You're about to initialize a Firebase project in this directory:

  C:\Users\daniel\WebstormProjects\untitled1\src

[debug] [2019-08-21T23:07:23.594Z] ----------------------------------------------------------------------
[debug] [2019-08-21T23:07:23.602Z] Command:       C:\Program Files\nodejs\node.exe C:\Users\daniel\AppData\Roaming\npm\node_modules\firebase-tools\lib\bin\firebase.js init
[debug] [2019-08-21T23:07:23.602Z] CLI Version:   7.2.4
[debug] [2019-08-21T23:07:23.602Z] Platform:      win32
[debug] [2019-08-21T23:07:23.603Z] Node Version:  v10.15.3
[debug] [2019-08-21T23:07:23.605Z] Time:          Wed Aug 21 2019 20:07:23 GMT-0300 (GMT-03:00)
[debug] [2019-08-21T23:07:23.606Z] ----------------------------------------------------------------------
[debug] 
[debug] [2019-08-21T23:07:23.622Z] > command requires scopes: ["email","openid","https://www.googleapis.com/auth/cloudplatformprojects.readonly","https://www.googleapis.com/auth/firebase","https://www.googleapis.com/auth/cloud-platform"]
[debug] [2019-08-21T23:07:23.624Z] > authorizing via signed-in user
[info] 
     ######## #### ########  ######## ########     ###     ######  ########
     ##        ##  ##     ## ##       ##     ##  ##   ##  ##       ##
     ######    ##  ########  ######   ########  #########  ######  ######
     ##        ##  ##    ##  ##       ##     ## ##     ##       ## ##
     ##       #### ##     ## ######## ########  ##     ##  ######  ########

You're about to initialize a Firebase project in this directory:

  C:\Users\daniel\WebstormProjects\untitled1\src

[info] 
=== Project Setup
[info] 
[info] First, let's associate this project directory with a Firebase project.
[info] You can create multiple project aliases by running firebase use --add, 
[info] but for now we'll just set up a default project.
[info] 
[debug] [2019-08-21T23:07:51.980Z] >>> HTTP REQUEST GET https://firebase.googleapis.com/v1beta1/projects?pageSize=100  
 
[debug] [2019-08-21T23:07:53.360Z] <<< HTTP RESPONSE 200
[info] i  Using project quantidadebolas (quantidadebolas)
[info] 
=== Hosting Setup
[info] 
[info] Your public directory is the folder (relative to your project directory) that
[info] will contain Hosting assets to be uploaded with firebase deploy. If you
[info] have a build process for your assets, use your build's output directory.
[info] 
[debug] [2019-08-21T23:08:16.124Z] Error: EEXIST: file already exists, mkdir 'C:\Users\daniel\WebstormProjects\untitled1\src'
    at Object.mkdirSync (fs.js:752:3)
    at mkdirsSync (C:\Users\daniel\AppData\Roaming\npm\node_modules\firebase-tools\node_modules\fs-extra\lib\mkdirs\mkdirs-sync.js:22:9)
    at mkdirsSync (C:\Users\daniel\AppData\Roaming\npm\node_modules\firebase-tools\node_modules\fs-extra\lib\mkdirs\mkdirs-sync.js:27:16)
    at mkdirsSync (C:\Users\daniel\AppData\Roaming\npm\node_modules\firebase-tools\node_modules\fs-extra\lib\mkdirs\mkdirs-sync.js:28:9)
    at mkdirsSync (C:\Users\daniel\AppData\Roaming\npm\node_modules\firebase-tools\node_modules\fs-extra\lib\mkdirs\mkdirs-sync.js:28:9)
    at mkdirsSync (C:\Users\daniel\AppData\Roaming\npm\node_modules\firebase-tools\node_modules\fs-extra\lib\mkdirs\mkdirs-sync.js:28:9)
    at mkdirsSync (C:\Users\daniel\AppData\Roaming\npm\node_modules\firebase-tools\node_modules\fs-extra\lib\mkdirs\mkdirs-sync.js:28:9)
    at mkdirsSync (C:\Users\daniel\AppData\Roaming\npm\node_modules\firebase-tools\node_modules\fs-extra\lib\mkdirs\mkdirs-sync.js:28:9)
    at mkdirsSync (C:\Users\daniel\AppData\Roaming\npm\node_modules\firebase-tools\node_modules\fs-extra\lib\mkdirs\mkdirs-sync.js:28:9)
    at mkdirsSync (C:\Users\daniel\AppData\Roaming\npm\node_modules\firebase-tools\node_modules\fs-extra\lib\mkdirs\mkdirs-sync.js:28:9)
[error] 
[error] Error: An unexpected error has occurred.
